<?xml version="1.0" encoding="UTF-8"?>
<testng-results skipped="0" failed="0" ignored="0" total="1" passed="1">
  <reporter-output>
  </reporter-output>
  <suite name="Default suite" duration-ms="82778" started-at="2019-03-20T03:10:55Z" finished-at="2019-03-20T03:12:18Z">
    <groups>
    </groups>
    <test name="Default test" duration-ms="82778" started-at="2019-03-20T03:10:55Z" finished-at="2019-03-20T03:12:18Z">
      <class name="com.mycompany.qa.tests.NavigateFlightTest">
        <test-method status="PASS" signature="beforeSuit()[pri:0, instance:com.mycompany.qa.tests.NavigateFlightTest@6950e31]" name="beforeSuit" is-config="true" duration-ms="51" started-at="2019-03-20T03:10:55Z" finished-at="2019-03-20T03:10:55Z">
          <reporter-output>
          </reporter-output>
        </test-method> <!-- beforeSuit -->
        <test-method status="PASS" signature="setExtent()[pri:0, instance:com.mycompany.qa.tests.NavigateFlightTest@6950e31]" name="setExtent" is-config="true" duration-ms="234" started-at="2019-03-20T03:10:55Z" finished-at="2019-03-20T03:10:55Z">
          <reporter-output>
          </reporter-output>
        </test-method> <!-- setExtent -->
        <test-method status="PASS" signature="beforeMethod()[pri:0, instance:com.mycompany.qa.tests.NavigateFlightTest@6950e31]" name="beforeMethod" is-config="true" duration-ms="65837" started-at="2019-03-20T03:10:55Z" finished-at="2019-03-20T03:12:01Z">
          <reporter-output>
          </reporter-output>
        </test-method> <!-- beforeMethod -->
        <test-method status="PASS" signature="oneWayFlight()[pri:1, instance:com.mycompany.qa.tests.NavigateFlightTest@6950e31]" name="oneWayFlight" duration-ms="7738" started-at="2019-03-20T03:12:01Z" finished-at="2019-03-20T03:12:09Z">
          <reporter-output>
          </reporter-output>
        </test-method> <!-- oneWayFlight -->
        <test-method status="PASS" signature="tearDown(org.testng.ITestResult)[pri:0, instance:com.mycompany.qa.tests.NavigateFlightTest@6950e31]" name="tearDown" is-config="true" duration-ms="8407" started-at="2019-03-20T03:12:09Z" finished-at="2019-03-20T03:12:17Z">
          <params>
            <param index="0">
              <value>
                <![CDATA[[TestResult name=oneWayFlight status=SUCCESS method=NavigateFlightTest.oneWayFlight()[pri:1, instance:com.mycompany.qa.tests.NavigateFlightTest@6950e31] output={null}]]]>
              </value>
            </param>
          </params>
          <reporter-output>
          </reporter-output>
        </test-method> <!-- tearDown -->
        <test-method status="PASS" signature="endReport()[pri:0, instance:com.mycompany.qa.tests.NavigateFlightTest@6950e31]" name="endReport" is-config="true" duration-ms="534" started-at="2019-03-20T03:12:17Z" finished-at="2019-03-20T03:12:18Z">
          <reporter-output>
          </reporter-output>
        </test-method> <!-- endReport -->
      </class> <!-- com.mycompany.qa.tests.NavigateFlightTest -->
    </test> <!-- Default test -->
  </suite> <!-- Default suite -->
</testng-results>
